<?xml version="1.0" encoding="UTF-8"?>
<!-- Generated by org.testng.reporters.JUnitXMLReporter -->
<testsuite hostname="Anusha" ignored="0" name="Command line test" tests="12" failures="1" timestamp="20 Sep 2017 14:11:26 GMT" time="138.085" errors="0">
  <testcase name="logInWithValid" time="10.649" classname="com.mmp.admin_login.LoginTest"/>
  <testcase name="usersLink" time="11.883" classname="com.mmp.admin_login.UsersTest"/>
  <testcase name="logInWithInvalid" time="1.317" classname="com.mmp.admin_login.LoginTest"/>
  <testcase name="logInWithInvalid" time="1.696" classname="com.mmp.admin_login.LoginTest"/>
  <testcase name="logInWithInvalid" time="1.365" classname="com.mmp.admin_login.LoginTest"/>
  <testcase name="viewPatByStatus" time="0.163" classname="com.mmp.admin_login.UsersTest"/>
  <testcase name="logInWithBlank" time="0.777" classname="com.mmp.admin_login.LoginTest"/>
  <testcase name="changeStatusValid" time="14.11" classname="com.mmp.admin_login.UsersTest"/>
  <testcase name="forgotPwordLink" time="0.909" classname="com.mmp.admin_login.LoginTest"/>
  <testcase name="changeStatusBlank" time="13.749" classname="com.mmp.admin_login.UsersTest">
    <failure type="java.lang.AssertionError" message="expected [true] but found [false]">
      <![CDATA[java.lang.AssertionError: expected [true] but found [false]
	at com.mmp.admin_login.UsersTest.changeStatusBlank(UsersTest.java:98)
... Removed 39 stack frames]]>
    </failure>
  </testcase> <!-- changeStatusBlank -->
  <testcase name="forgotPwordValid" time="1.467" classname="com.mmp.admin_login.LoginTest"/>
  <testcase name="forgotPwordInvalid" time="0.974" classname="com.mmp.admin_login.LoginTest"/>
</testsuite> <!-- Command line test -->
